<?xml version="1.0" encoding="UTF-8"?>
<!-- Generated by org.testng.reporters.JUnitReportReporter -->
<testsuite skipped="0" hostname="DESKTOP-DGSTKNU" name="org.test.basic" tests="1" failures="0" timestamp="07 Nov 2022 15:04:35 GMT" time="0.010" errors="0">
  <testcase name="test" time="0.010" classname="org.test.basic"/>
</testsuite> <!-- org.test.basic -->
